[00:07:57] [Server thread/INFO]: Danynii has made the advancement [Voluntary Exile]
[00:26:32] [Server thread/INFO]: elbasto_[/127.84.42.74:58887] logged in with entity id 15795 at (-1375.8479420302285, 64.0, 1017.4746240338214)
[00:26:32] [Server thread/INFO]: elbasto_ joined the game
[00:34:20] [Server thread/INFO]: [Not Secure] <elbasto_> meu?
[00:38:29] [Server thread/INFO]: elbasto_ lost connection: Disconnected
[00:38:29] [Server thread/INFO]: elbasto_ left the game
[01:08:40] [Server thread/INFO]: elbasto_[/127.84.42.74:58129] logged in with entity id 23783 at (-1376.4783734851737, 66.0, 1012.2945246793934)
[01:08:40] [Server thread/INFO]: elbasto_ joined the game
[01:21:10] [Server thread/INFO]: Danynii lost connection: Disconnected
[01:21:10] [Server thread/INFO]: Danynii left the game
[01:42:38] [Server thread/INFO]: Danynii[/127.16.14.102:48791] logged in with entity id 31944 at (-1377.326520130287, 64.0, 1002.5898221194575)
[01:42:38] [Server thread/INFO]: Danynii joined the game
[01:52:02] [Server thread/INFO]: elbasto_ has made the advancement [Take Aim]
[01:55:22] [Server thread/INFO]: elbasto_ lost connection: Disconnected
[01:55:22] [Server thread/INFO]: elbasto_ left the game
[01:55:41] [Server thread/INFO]: elbasto_[/127.84.42.74:34737] logged in with entity id 37020 at (-1398.300000011921, -37.0, 271.30000001192093)
[01:55:41] [Server thread/INFO]: elbasto_ joined the game
[02:09:04] [Server thread/INFO]: elbasto_ lost connection: Disconnected
[02:09:04] [Server thread/INFO]: elbasto_ left the game
[02:09:14] [Server thread/INFO]: elbasto_[/127.84.42.74:51621] logged in with entity id 41768 at (-1527.9075414449658, 88.0, 302.6058729921254)
[02:09:14] [Server thread/INFO]: elbasto_ joined the game
[02:15:35] [Server thread/INFO]: elbasto_ lost connection: Disconnected
[02:15:35] [Server thread/INFO]: elbasto_ left the game
[02:15:45] [Server thread/INFO]: elbasto_[/127.84.42.74:55271] logged in with entity id 45237 at (-1375.93589690866, 65.125, 1013.1256263192939)
[02:15:45] [Server thread/INFO]: elbasto_ joined the game
[02:31:39] [Server thread/INFO]: Danynii has made the advancement [A Seedy Place]
[02:49:50] [Server thread/INFO]: Danynii was blown up by Creeper
[03:01:39] [Server thread/INFO]: elbasto_ lost connection: Disconnected
[03:01:39] [Server thread/INFO]: elbasto_ left the game
[03:04:30] [Server thread/INFO]: [Danynii: Set own game mode to Creative Mode]
[03:45:34] [Server thread/INFO]: [Danynii: Set own game mode to Survival Mode]
[03:45:39] [Server thread/INFO]: Danynii lost connection: Disconnected
[03:45:39] [Server thread/INFO]: Danynii left the game
[03:45:45] [Server thread/INFO]: Danynii[/127.16.14.102:34383] logged in with entity id 66540 at (-1378.1823610428937, 64.0, 1002.1157173195027)
[03:45:45] [Server thread/INFO]: Danynii joined the game
[03:46:20] [Server thread/INFO]: [Danynii: Set own game mode to Creative Mode]
[04:05:29] [Server thread/INFO]: [Danynii: Set own game mode to Survival Mode]
[04:05:32] [Server thread/INFO]: Danynii lost connection: Disconnected
[04:05:32] [Server thread/INFO]: Danynii left the game
[04:05:34] [Server thread/INFO]: Danynii[/127.16.14.102:36741] logged in with entity id 70856 at (-1374.2538137837712, 64.0, 1015.3561365793686)
[04:05:34] [Server thread/INFO]: Danynii joined the game
[04:05:45] [Server thread/INFO]: [Danynii: Set own game mode to Creative Mode]
[04:07:14] [Server thread/INFO]: [Danynii: Set own game mode to Survival Mode]
[04:07:16] [Server thread/INFO]: Danynii lost connection: Disconnected
[04:07:16] [Server thread/INFO]: Danynii left the game
[04:07:23] [Server thread/INFO]: Danynii[/127.16.14.102:39801] logged in with entity id 71403 at (-1392.3582773533649, 64.0, 1009.3747998437955)
[04:07:23] [Server thread/INFO]: Danynii joined the game
[04:08:02] [Server thread/INFO]: [Danynii: Set own game mode to Creative Mode]
[04:08:15] [Server thread/INFO]: [Danynii: Set own game mode to Survival Mode]
[04:08:17] [Server thread/INFO]: Danynii lost connection: Disconnected
[04:08:17] [Server thread/INFO]: Danynii left the game
[04:08:23] [Server thread/INFO]: Danynii[/127.16.14.102:47935] logged in with entity id 71759 at (-1374.697987558236, 65.5625, 1012.6339673600822)
[04:08:23] [Server thread/INFO]: Danynii joined the game
[04:43:36] [Server thread/WARN]: Can't keep up! Is the server overloaded? Running 2091ms or 41 ticks behind
[05:18:13] [Server thread/INFO]: Danynii lost connection: Disconnected
[05:18:13] [Server thread/INFO]: Danynii left the game
[05:19:13] [Server thread/INFO]: Server empty for 60 seconds, pausing
[05:20:20] [Server thread/INFO]: Danynii[/127.16.14.102:51319] logged in with entity id 85735 at (-1376.729848063569, 64.0, 1004.1177090774412)
[05:20:20] [Server thread/INFO]: Danynii joined the game
[05:20:38] [Server thread/INFO]: [Danynii: Set own game mode to Creative Mode]
[05:21:44] [Server thread/INFO]: [Danynii: Set own game mode to Survival Mode]
[05:22:07] [Server thread/INFO]: Danynii lost connection: Disconnected
[05:22:07] [Server thread/INFO]: Danynii left the game
[05:22:09] [Server thread/INFO]: Danynii[/127.16.14.102:36895] logged in with entity id 86241 at (-1369.9566155241112, 115.0, 979.4924372185951)
[05:22:09] [Server thread/INFO]: Danynii joined the game
[06:30:10] [Server thread/INFO]: Danynii lost connection: Disconnected
[06:30:10] [Server thread/INFO]: Danynii left the game
[06:30:26] [Server thread/INFO]: Stopping the server
[06:30:26] [Server thread/INFO]: Stopping server
[06:30:26] [Server thread/INFO]: Saving players
[06:30:26] [Server thread/INFO]: Saving worlds
[06:30:26] [Server thread/INFO]: Saving chunks for level 'ServerLevel[world]'/minecraft:overworld
[06:30:26] [Server thread/INFO]: Saving chunks for level 'ServerLevel[world]'/minecraft:the_end
[06:30:26] [Server thread/INFO]: Saving chunks for level 'ServerLevel[world]'/minecraft:the_nether
[06:30:26] [Server thread/INFO]: ThreadedAnvilChunkStorage (world): All chunks are saved
[06:30:26] [Server thread/INFO]: ThreadedAnvilChunkStorage (DIM1): All chunks are saved
[06:30:26] [Server thread/INFO]: ThreadedAnvilChunkStorage (DIM-1): All chunks are saved
[06:30:26] [Server thread/INFO]: ThreadedAnvilChunkStorage: All dimensions are saved
